2024-10-25T16:08:05.335-03:00  INFO 127036 --- [mscartoes] [restartedMain] i.g.j.mscartoes.MscartoesApplication     : Starting MscartoesApplication using Java 21.0.2 with PID 127036 (C:\Users\joaog\Documents\Trabalho\springcloud-microservices\mscartoes\target\classes started by joaog in C:\Users\joaog\Documents\Trabalho\springcloud-microservices\mscartoes)
2024-10-25T16:08:05.338-03:00  INFO 127036 --- [mscartoes] [restartedMain] i.g.j.mscartoes.MscartoesApplication     : No active profile set, falling back to 1 default profile: "default"
2024-10-25T16:08:05.419-03:00  INFO 127036 --- [mscartoes] [restartedMain] .e.DevToolsPropertyDefaultsPostProcessor : Devtools property defaults active! Set 'spring.devtools.add-properties' to 'false' to disable
2024-10-25T16:08:05.420-03:00  INFO 127036 --- [mscartoes] [restartedMain] .e.DevToolsPropertyDefaultsPostProcessor : For additional web related logging consider setting the 'logging.level.web' property to 'DEBUG'
2024-10-25T16:08:06.963-03:00  INFO 127036 --- [mscartoes] [restartedMain] .s.d.r.c.RepositoryConfigurationDelegate : Bootstrapping Spring Data JPA repositories in DEFAULT mode.
2024-10-25T16:08:07.121-03:00  INFO 127036 --- [mscartoes] [restartedMain] .s.d.r.c.RepositoryConfigurationDelegate : Finished Spring Data repository scanning in 151 ms. Found 2 JPA repository interfaces.
2024-10-25T16:08:07.834-03:00  INFO 127036 --- [mscartoes] [restartedMain] o.s.cloud.context.scope.GenericScope     : BeanFactory id=7324a9c0-65d3-329a-b055-193b10efe450
2024-10-25T16:08:08.588-03:00  WARN 127036 --- [mscartoes] [restartedMain] trationDelegate$BeanPostProcessorChecker : Bean 'org.springframework.cloud.client.loadbalancer.LoadBalancerAutoConfiguration$DeferringLoadBalancerInterceptorConfig' of type [org.springframework.cloud.client.loadbalancer.LoadBalancerAutoConfiguration$DeferringLoadBalancerInterceptorConfig] is not eligible for getting processed by all BeanPostProcessors (for example: not eligible for auto-proxying). The currently created BeanPostProcessor [lbRestClientPostProcessor] is declared through a non-static factory method on that class; consider declaring it as static instead.
2024-10-25T16:08:08.593-03:00  WARN 127036 --- [mscartoes] [restartedMain] trationDelegate$BeanPostProcessorChecker : Bean 'deferringLoadBalancerInterceptor' of type [org.springframework.cloud.client.loadbalancer.DeferringLoadBalancerInterceptor] is not eligible for getting processed by all BeanPostProcessors (for example: not eligible for auto-proxying). Is this bean getting eagerly injected into a currently created BeanPostProcessor [lbRestClientPostProcessor]? Check the corresponding BeanPostProcessor declaration and its dependencies.
2024-10-25T16:08:09.293-03:00  INFO 127036 --- [mscartoes] [restartedMain] o.s.b.w.embedded.tomcat.TomcatWebServer  : Tomcat initialized with port 0 (http)
2024-10-25T16:08:09.322-03:00  INFO 127036 --- [mscartoes] [restartedMain] o.apache.catalina.core.StandardService   : Starting service [Tomcat]
2024-10-25T16:08:09.322-03:00  INFO 127036 --- [mscartoes] [restartedMain] o.apache.catalina.core.StandardEngine    : Starting Servlet engine: [Apache Tomcat/10.1.30]
2024-10-25T16:08:09.413-03:00  INFO 127036 --- [mscartoes] [restartedMain] o.a.c.c.C.[Tomcat].[localhost].[/]       : Initializing Spring embedded WebApplicationContext
2024-10-25T16:08:09.415-03:00  INFO 127036 --- [mscartoes] [restartedMain] w.s.c.ServletWebServerApplicationContext : Root WebApplicationContext: initialization completed in 3992 ms
2024-10-25T16:08:09.645-03:00  INFO 127036 --- [mscartoes] [restartedMain] com.zaxxer.hikari.HikariDataSource       : HikariPool-1 - Starting...
2024-10-25T16:08:09.879-03:00  INFO 127036 --- [mscartoes] [restartedMain] com.zaxxer.hikari.pool.HikariPool        : HikariPool-1 - Added connection conn0: url=jdbc:h2:mem:54fd364c-8ebb-40ca-9bdd-be1aa3e00a99 user=SA
2024-10-25T16:08:09.881-03:00  INFO 127036 --- [mscartoes] [restartedMain] com.zaxxer.hikari.HikariDataSource       : HikariPool-1 - Start completed.
2024-10-25T16:08:09.895-03:00  INFO 127036 --- [mscartoes] [restartedMain] o.s.b.a.h2.H2ConsoleAutoConfiguration    : H2 console available at '/h2-console'. Database available at 'jdbc:h2:mem:54fd364c-8ebb-40ca-9bdd-be1aa3e00a99'
2024-10-25T16:08:10.325-03:00  INFO 127036 --- [mscartoes] [restartedMain] o.hibernate.jpa.internal.util.LogHelper  : HHH000204: Processing PersistenceUnitInfo [name: default]
2024-10-25T16:08:10.497-03:00  INFO 127036 --- [mscartoes] [restartedMain] org.hibernate.Version                    : HHH000412: Hibernate ORM core version 6.5.3.Final
2024-10-25T16:08:10.540-03:00  INFO 127036 --- [mscartoes] [restartedMain] o.h.c.internal.RegionFactoryInitiator    : HHH000026: Second-level cache disabled
2024-10-25T16:08:10.894-03:00  INFO 127036 --- [mscartoes] [restartedMain] o.s.o.j.p.SpringPersistenceUnitInfo      : No LoadTimeWeaver setup: ignoring JPA class transformer
2024-10-25T16:08:12.071-03:00  INFO 127036 --- [mscartoes] [restartedMain] o.h.e.t.j.p.i.JtaPlatformInitiator       : HHH000489: No JTA platform available (set 'hibernate.transaction.jta.platform' to enable JTA platform integration)
2024-10-25T16:08:12.130-03:00  INFO 127036 --- [mscartoes] [restartedMain] j.LocalContainerEntityManagerFactoryBean : Initialized JPA EntityManagerFactory for persistence unit 'default'
2024-10-25T16:08:12.953-03:00  WARN 127036 --- [mscartoes] [restartedMain] JpaBaseConfiguration$JpaWebConfiguration : spring.jpa.open-in-view is enabled by default. Therefore, database queries may be performed during view rendering. Explicitly configure spring.jpa.open-in-view to disable this warning
2024-10-25T16:08:14.520-03:00  WARN 127036 --- [mscartoes] [restartedMain] o.s.b.d.a.OptionalLiveReloadServer       : Unable to start LiveReload server
2024-10-25T16:08:14.548-03:00  INFO 127036 --- [mscartoes] [restartedMain] DiscoveryClientOptionalArgsConfiguration : Eureka HTTP Client uses RestTemplate.
2024-10-25T16:08:14.612-03:00  WARN 127036 --- [mscartoes] [restartedMain] iguration$LoadBalancerCaffeineWarnLogger : Spring Cloud LoadBalancer is currently working with the default cache. While this cache implementation is useful for development and tests, it's recommended to use Caffeine cache in production.You can switch to using Caffeine cache, by adding it and org.springframework.cache.caffeine.CaffeineCacheManager to the classpath.
2024-10-25T16:08:14.620-03:00  INFO 127036 --- [mscartoes] [restartedMain] o.s.b.a.e.web.EndpointLinksResolver      : Exposing 18 endpoints beneath base path '/actuator'
2024-10-25T16:08:14.734-03:00  INFO 127036 --- [mscartoes] [restartedMain] o.s.b.w.embedded.tomcat.TomcatWebServer  : Tomcat started on port 54923 (http) with context path '/'
2024-10-25T16:08:14.735-03:00  INFO 127036 --- [mscartoes] [restartedMain] .s.c.n.e.s.EurekaAutoServiceRegistration : Updating port to 54923
2024-10-25T16:08:14.741-03:00  INFO 127036 --- [mscartoes] [restartedMain] o.s.c.n.eureka.InstanceInfoFactory       : Setting initial instance status as: STARTING
2024-10-25T16:08:14.762-03:00  INFO 127036 --- [mscartoes] [restartedMain] com.netflix.discovery.DiscoveryClient    : Initializing Eureka in region us-east-1
2024-10-25T16:08:14.767-03:00  INFO 127036 --- [mscartoes] [restartedMain] c.n.d.s.r.aws.ConfigClusterResolver      : Resolving eureka endpoints via configuration
2024-10-25T16:08:14.776-03:00  INFO 127036 --- [mscartoes] [restartedMain] com.netflix.discovery.DiscoveryClient    : Disable delta property : false
2024-10-25T16:08:14.776-03:00  INFO 127036 --- [mscartoes] [restartedMain] com.netflix.discovery.DiscoveryClient    : Single vip registry refresh property : null
2024-10-25T16:08:14.776-03:00  INFO 127036 --- [mscartoes] [restartedMain] com.netflix.discovery.DiscoveryClient    : Force full registry fetch : false
2024-10-25T16:08:14.776-03:00  INFO 127036 --- [mscartoes] [restartedMain] com.netflix.discovery.DiscoveryClient    : Application is null : false
2024-10-25T16:08:14.776-03:00  INFO 127036 --- [mscartoes] [restartedMain] com.netflix.discovery.DiscoveryClient    : Registered Applications size is zero : true
2024-10-25T16:08:14.776-03:00  INFO 127036 --- [mscartoes] [restartedMain] com.netflix.discovery.DiscoveryClient    : Application version is -1: true
2024-10-25T16:08:14.776-03:00  INFO 127036 --- [mscartoes] [restartedMain] com.netflix.discovery.DiscoveryClient    : Getting all instance registry info from the eureka server
2024-10-25T16:08:15.119-03:00  INFO 127036 --- [mscartoes] [restartedMain] com.netflix.discovery.DiscoveryClient    : The response status is 200
2024-10-25T16:08:15.120-03:00  INFO 127036 --- [mscartoes] [restartedMain] com.netflix.discovery.DiscoveryClient    : Starting heartbeat executor: renew interval is: 30
2024-10-25T16:08:15.125-03:00  INFO 127036 --- [mscartoes] [restartedMain] c.n.discovery.InstanceInfoReplicator     : InstanceInfoReplicator onDemand update allowed rate per min is 4
2024-10-25T16:08:15.127-03:00  INFO 127036 --- [mscartoes] [restartedMain] com.netflix.discovery.DiscoveryClient    : Discovery Client initialized at timestamp 1729883295127 with initial instances count: 1
2024-10-25T16:08:15.134-03:00  INFO 127036 --- [mscartoes] [restartedMain] o.s.c.n.e.s.EurekaServiceRegistry        : Registering application MSCARTOES with eureka with status UP
2024-10-25T16:08:15.135-03:00  INFO 127036 --- [mscartoes] [restartedMain] com.netflix.discovery.DiscoveryClient    : Saw local status change event StatusChangeEvent [timestamp=1729883295135, current=UP, previous=STARTING]
2024-10-25T16:08:15.138-03:00  INFO 127036 --- [mscartoes] [DiscoveryClient-InstanceInfoReplicator-%d] com.netflix.discovery.DiscoveryClient    : DiscoveryClient_MSCARTOES/mscartoes:ac744e4d1f51930d63594476bcb1958d: registering service...
2024-10-25T16:08:15.142-03:00  INFO 127036 --- [mscartoes] [restartedMain] o.s.a.r.c.CachingConnectionFactory       : Attempting to connect to: [localhost:5672]
2024-10-25T16:08:15.208-03:00  INFO 127036 --- [mscartoes] [restartedMain] o.s.a.r.c.CachingConnectionFactory       : Created new connection: rabbitConnectionFactory#50f00f63:0/SimpleConnection@ee3bdd3 [delegate=amqp://guest@127.0.0.1:5672/, localPort=54926]
2024-10-25T16:08:15.244-03:00  INFO 127036 --- [mscartoes] [DiscoveryClient-InstanceInfoReplicator-%d] com.netflix.discovery.DiscoveryClient    : DiscoveryClient_MSCARTOES/mscartoes:ac744e4d1f51930d63594476bcb1958d - registration status: 204
2024-10-25T16:08:15.294-03:00  INFO 127036 --- [mscartoes] [restartedMain] i.g.j.mscartoes.MscartoesApplication     : Started MscartoesApplication in 10.584 seconds (process running for 11.405)
2024-10-25T16:09:24.869-03:00  INFO 127036 --- [mscartoes] [http-nio-auto-1-exec-1] o.a.c.c.C.[Tomcat].[localhost].[/]       : Initializing Spring DispatcherServlet 'dispatcherServlet'
2024-10-25T16:09:24.869-03:00  INFO 127036 --- [mscartoes] [http-nio-auto-1-exec-1] o.s.web.servlet.DispatcherServlet        : Initializing Servlet 'dispatcherServlet'
2024-10-25T16:09:24.872-03:00  INFO 127036 --- [mscartoes] [http-nio-auto-1-exec-1] o.s.web.servlet.DispatcherServlet        : Completed initialization in 2 ms
2024-10-25T16:09:35.510-03:00  INFO 127036 --- [mscartoes] [http-nio-auto-1-exec-1] o.springdoc.api.AbstractOpenApiResource  : Init duration for springdoc-openapi is: 191 ms
