2024-10-25T15:52:54.160-03:00  INFO 127940 --- [msclientes] [restartedMain] i.g.j.msclientes.MsclientesApplication   : Starting MsclientesApplication using Java 21.0.2 with PID 127940 (C:\Users\joaog\Documents\Trabalho\springcloud-microservices\msclientes\target\classes started by joaog in C:\Users\joaog\Documents\Trabalho\springcloud-microservices\msclientes)
2024-10-25T15:52:54.162-03:00  INFO 127940 --- [msclientes] [restartedMain] i.g.j.msclientes.MsclientesApplication   : No active profile set, falling back to 1 default profile: "default"
2024-10-25T15:52:54.267-03:00  INFO 127940 --- [msclientes] [restartedMain] .e.DevToolsPropertyDefaultsPostProcessor : Devtools property defaults active! Set 'spring.devtools.add-properties' to 'false' to disable
2024-10-25T15:52:54.267-03:00  INFO 127940 --- [msclientes] [restartedMain] .e.DevToolsPropertyDefaultsPostProcessor : For additional web related logging consider setting the 'logging.level.web' property to 'DEBUG'
2024-10-25T15:52:56.038-03:00  INFO 127940 --- [msclientes] [restartedMain] .s.d.r.c.RepositoryConfigurationDelegate : Bootstrapping Spring Data JPA repositories in DEFAULT mode.
2024-10-25T15:52:56.163-03:00  INFO 127940 --- [msclientes] [restartedMain] .s.d.r.c.RepositoryConfigurationDelegate : Finished Spring Data repository scanning in 117 ms. Found 1 JPA repository interface.
2024-10-25T15:52:56.673-03:00  INFO 127940 --- [msclientes] [restartedMain] o.s.cloud.context.scope.GenericScope     : BeanFactory id=0d913c38-d6d1-3c8e-894a-ce1fd33974ff
2024-10-25T15:52:57.285-03:00  WARN 127940 --- [msclientes] [restartedMain] trationDelegate$BeanPostProcessorChecker : Bean 'org.springframework.cloud.client.loadbalancer.LoadBalancerAutoConfiguration$DeferringLoadBalancerInterceptorConfig' of type [org.springframework.cloud.client.loadbalancer.LoadBalancerAutoConfiguration$DeferringLoadBalancerInterceptorConfig] is not eligible for getting processed by all BeanPostProcessors (for example: not eligible for auto-proxying). The currently created BeanPostProcessor [lbRestClientPostProcessor] is declared through a non-static factory method on that class; consider declaring it as static instead.
2024-10-25T15:52:57.288-03:00  WARN 127940 --- [msclientes] [restartedMain] trationDelegate$BeanPostProcessorChecker : Bean 'deferringLoadBalancerInterceptor' of type [org.springframework.cloud.client.loadbalancer.DeferringLoadBalancerInterceptor] is not eligible for getting processed by all BeanPostProcessors (for example: not eligible for auto-proxying). Is this bean getting eagerly injected into a currently created BeanPostProcessor [lbRestClientPostProcessor]? Check the corresponding BeanPostProcessor declaration and its dependencies.
2024-10-25T15:52:58.252-03:00  INFO 127940 --- [msclientes] [restartedMain] o.s.b.w.embedded.tomcat.TomcatWebServer  : Tomcat initialized with port 0 (http)
2024-10-25T15:52:58.302-03:00  INFO 127940 --- [msclientes] [restartedMain] o.apache.catalina.core.StandardService   : Starting service [Tomcat]
2024-10-25T15:52:58.303-03:00  INFO 127940 --- [msclientes] [restartedMain] o.apache.catalina.core.StandardEngine    : Starting Servlet engine: [Apache Tomcat/10.1.30]
2024-10-25T15:52:58.447-03:00  INFO 127940 --- [msclientes] [restartedMain] o.a.c.c.C.[Tomcat].[localhost].[/]       : Initializing Spring embedded WebApplicationContext
2024-10-25T15:52:58.448-03:00  INFO 127940 --- [msclientes] [restartedMain] w.s.c.ServletWebServerApplicationContext : Root WebApplicationContext: initialization completed in 4180 ms
2024-10-25T15:52:58.785-03:00  INFO 127940 --- [msclientes] [restartedMain] com.zaxxer.hikari.HikariDataSource       : HikariPool-1 - Starting...
2024-10-25T15:52:59.055-03:00  INFO 127940 --- [msclientes] [restartedMain] com.zaxxer.hikari.pool.HikariPool        : HikariPool-1 - Added connection conn0: url=jdbc:h2:mem:57610d10-6273-4e2f-9f2b-f4d23fd4b98a user=SA
2024-10-25T15:52:59.059-03:00  INFO 127940 --- [msclientes] [restartedMain] com.zaxxer.hikari.HikariDataSource       : HikariPool-1 - Start completed.
2024-10-25T15:52:59.077-03:00  INFO 127940 --- [msclientes] [restartedMain] o.s.b.a.h2.H2ConsoleAutoConfiguration    : H2 console available at '/h2-console'. Database available at 'jdbc:h2:mem:57610d10-6273-4e2f-9f2b-f4d23fd4b98a'
2024-10-25T15:52:59.851-03:00  INFO 127940 --- [msclientes] [restartedMain] o.hibernate.jpa.internal.util.LogHelper  : HHH000204: Processing PersistenceUnitInfo [name: default]
2024-10-25T15:53:00.245-03:00  INFO 127940 --- [msclientes] [restartedMain] org.hibernate.Version                    : HHH000412: Hibernate ORM core version 6.5.3.Final
2024-10-25T15:53:00.410-03:00  INFO 127940 --- [msclientes] [restartedMain] o.h.c.internal.RegionFactoryInitiator    : HHH000026: Second-level cache disabled
2024-10-25T15:53:00.775-03:00  INFO 127940 --- [msclientes] [restartedMain] o.s.o.j.p.SpringPersistenceUnitInfo      : No LoadTimeWeaver setup: ignoring JPA class transformer
2024-10-25T15:53:01.618-03:00  INFO 127940 --- [msclientes] [restartedMain] o.h.e.t.j.p.i.JtaPlatformInitiator       : HHH000489: No JTA platform available (set 'hibernate.transaction.jta.platform' to enable JTA platform integration)
2024-10-25T15:53:01.651-03:00  INFO 127940 --- [msclientes] [restartedMain] j.LocalContainerEntityManagerFactoryBean : Initialized JPA EntityManagerFactory for persistence unit 'default'
2024-10-25T15:53:02.289-03:00  WARN 127940 --- [msclientes] [restartedMain] JpaBaseConfiguration$JpaWebConfiguration : spring.jpa.open-in-view is enabled by default. Therefore, database queries may be performed during view rendering. Explicitly configure spring.jpa.open-in-view to disable this warning
2024-10-25T15:53:03.550-03:00  WARN 127940 --- [msclientes] [restartedMain] o.s.b.d.a.OptionalLiveReloadServer       : Unable to start LiveReload server
2024-10-25T15:53:03.594-03:00  INFO 127940 --- [msclientes] [restartedMain] DiscoveryClientOptionalArgsConfiguration : Eureka HTTP Client uses RestTemplate.
2024-10-25T15:53:03.702-03:00  WARN 127940 --- [msclientes] [restartedMain] iguration$LoadBalancerCaffeineWarnLogger : Spring Cloud LoadBalancer is currently working with the default cache. While this cache implementation is useful for development and tests, it's recommended to use Caffeine cache in production.You can switch to using Caffeine cache, by adding it and org.springframework.cache.caffeine.CaffeineCacheManager to the classpath.
2024-10-25T15:53:03.721-03:00  INFO 127940 --- [msclientes] [restartedMain] o.s.b.a.e.web.EndpointLinksResolver      : Exposing 18 endpoints beneath base path '/actuator'
2024-10-25T15:53:03.907-03:00  INFO 127940 --- [msclientes] [restartedMain] o.s.b.w.embedded.tomcat.TomcatWebServer  : Tomcat started on port 54307 (http) with context path '/'
2024-10-25T15:53:03.911-03:00  INFO 127940 --- [msclientes] [restartedMain] .s.c.n.e.s.EurekaAutoServiceRegistration : Updating port to 54307
2024-10-25T15:53:03.930-03:00  INFO 127940 --- [msclientes] [restartedMain] o.s.c.n.eureka.InstanceInfoFactory       : Setting initial instance status as: STARTING
2024-10-25T15:53:03.998-03:00  INFO 127940 --- [msclientes] [restartedMain] com.netflix.discovery.DiscoveryClient    : Initializing Eureka in region us-east-1
2024-10-25T15:53:04.005-03:00  INFO 127940 --- [msclientes] [restartedMain] c.n.d.s.r.aws.ConfigClusterResolver      : Resolving eureka endpoints via configuration
2024-10-25T15:53:04.016-03:00  INFO 127940 --- [msclientes] [restartedMain] com.netflix.discovery.DiscoveryClient    : Disable delta property : false
2024-10-25T15:53:04.016-03:00  INFO 127940 --- [msclientes] [restartedMain] com.netflix.discovery.DiscoveryClient    : Single vip registry refresh property : null
2024-10-25T15:53:04.016-03:00  INFO 127940 --- [msclientes] [restartedMain] com.netflix.discovery.DiscoveryClient    : Force full registry fetch : false
2024-10-25T15:53:04.016-03:00  INFO 127940 --- [msclientes] [restartedMain] com.netflix.discovery.DiscoveryClient    : Application is null : false
2024-10-25T15:53:04.016-03:00  INFO 127940 --- [msclientes] [restartedMain] com.netflix.discovery.DiscoveryClient    : Registered Applications size is zero : true
2024-10-25T15:53:04.016-03:00  INFO 127940 --- [msclientes] [restartedMain] com.netflix.discovery.DiscoveryClient    : Application version is -1: true
2024-10-25T15:53:04.016-03:00  INFO 127940 --- [msclientes] [restartedMain] com.netflix.discovery.DiscoveryClient    : Getting all instance registry info from the eureka server
2024-10-25T15:53:04.517-03:00  INFO 127940 --- [msclientes] [restartedMain] com.netflix.discovery.DiscoveryClient    : The response status is 200
2024-10-25T15:53:04.519-03:00  INFO 127940 --- [msclientes] [restartedMain] com.netflix.discovery.DiscoveryClient    : Starting heartbeat executor: renew interval is: 30
2024-10-25T15:53:04.520-03:00  INFO 127940 --- [msclientes] [restartedMain] c.n.discovery.InstanceInfoReplicator     : InstanceInfoReplicator onDemand update allowed rate per min is 4
2024-10-25T15:53:04.522-03:00  INFO 127940 --- [msclientes] [restartedMain] com.netflix.discovery.DiscoveryClient    : Discovery Client initialized at timestamp 1729882384521 with initial instances count: 3
2024-10-25T15:53:04.526-03:00  INFO 127940 --- [msclientes] [restartedMain] o.s.c.n.e.s.EurekaServiceRegistry        : Registering application MSCLIENTES with eureka with status UP
2024-10-25T15:53:04.527-03:00  INFO 127940 --- [msclientes] [restartedMain] com.netflix.discovery.DiscoveryClient    : Saw local status change event StatusChangeEvent [timestamp=1729882384527, current=UP, previous=STARTING]
2024-10-25T15:53:04.532-03:00  INFO 127940 --- [msclientes] [DiscoveryClient-InstanceInfoReplicator-%d] com.netflix.discovery.DiscoveryClient    : DiscoveryClient_MSCLIENTES/msclientes:49bc74ef3835f9e6d171b8be6c575759: registering service...
2024-10-25T15:53:04.544-03:00  INFO 127940 --- [msclientes] [restartedMain] i.g.j.msclientes.MsclientesApplication   : Started MsclientesApplication in 10.991 seconds (process running for 11.668)
2024-10-25T15:53:04.646-03:00  INFO 127940 --- [msclientes] [DiscoveryClient-InstanceInfoReplicator-%d] com.netflix.discovery.DiscoveryClient    : DiscoveryClient_MSCLIENTES/msclientes:49bc74ef3835f9e6d171b8be6c575759 - registration status: 204
2024-10-25T15:53:35.810-03:00  INFO 127940 --- [msclientes] [http-nio-127.0.0.1-auto-1-exec-1] o.a.c.c.C.[Tomcat].[localhost].[/]       : Initializing Spring DispatcherServlet 'dispatcherServlet'
2024-10-25T15:53:35.811-03:00  INFO 127940 --- [msclientes] [http-nio-127.0.0.1-auto-1-exec-1] o.s.web.servlet.DispatcherServlet        : Initializing Servlet 'dispatcherServlet'
2024-10-25T15:53:35.812-03:00  INFO 127940 --- [msclientes] [http-nio-127.0.0.1-auto-1-exec-1] o.s.web.servlet.DispatcherServlet        : Completed initialization in 1 ms
