2024-10-25T16:07:58.803-03:00  INFO 128936 --- [msavaliadorcredito] [restartedMain] i.g.j.m.MsavaliadorcreditoApplication    : Starting MsavaliadorcreditoApplication using Java 21.0.2 with PID 128936 (C:\Users\joaog\Documents\Trabalho\springcloud-microservices\msavaliadorcredito\target\classes started by joaog in C:\Users\joaog\Documents\Trabalho\springcloud-microservices\msavaliadorcredito)
2024-10-25T16:07:58.805-03:00  INFO 128936 --- [msavaliadorcredito] [restartedMain] i.g.j.m.MsavaliadorcreditoApplication    : No active profile set, falling back to 1 default profile: "default"
2024-10-25T16:07:58.901-03:00  INFO 128936 --- [msavaliadorcredito] [restartedMain] .e.DevToolsPropertyDefaultsPostProcessor : Devtools property defaults active! Set 'spring.devtools.add-properties' to 'false' to disable
2024-10-25T16:07:58.902-03:00  INFO 128936 --- [msavaliadorcredito] [restartedMain] .e.DevToolsPropertyDefaultsPostProcessor : For additional web related logging consider setting the 'logging.level.web' property to 'DEBUG'
2024-10-25T16:08:01.130-03:00  INFO 128936 --- [msavaliadorcredito] [restartedMain] o.s.cloud.context.scope.GenericScope     : BeanFactory id=308a0994-ad0b-3c54-a4ce-487a6c41e817
2024-10-25T16:08:01.230-03:00  WARN 128936 --- [msavaliadorcredito] [restartedMain] trationDelegate$BeanPostProcessorChecker : Bean 'org.springframework.cloud.client.loadbalancer.LoadBalancerAutoConfiguration$DeferringLoadBalancerInterceptorConfig' of type [org.springframework.cloud.client.loadbalancer.LoadBalancerAutoConfiguration$DeferringLoadBalancerInterceptorConfig] is not eligible for getting processed by all BeanPostProcessors (for example: not eligible for auto-proxying). The currently created BeanPostProcessor [lbRestClientPostProcessor] is declared through a non-static factory method on that class; consider declaring it as static instead.
2024-10-25T16:08:01.235-03:00  WARN 128936 --- [msavaliadorcredito] [restartedMain] trationDelegate$BeanPostProcessorChecker : Bean 'deferringLoadBalancerInterceptor' of type [org.springframework.cloud.client.loadbalancer.DeferringLoadBalancerInterceptor] is not eligible for getting processed by all BeanPostProcessors (for example: not eligible for auto-proxying). Is this bean getting eagerly injected into a currently created BeanPostProcessor [lbRestClientPostProcessor]? Check the corresponding BeanPostProcessor declaration and its dependencies.
2024-10-25T16:08:01.770-03:00  INFO 128936 --- [msavaliadorcredito] [restartedMain] o.s.b.w.embedded.tomcat.TomcatWebServer  : Tomcat initialized with port 0 (http)
2024-10-25T16:08:01.791-03:00  INFO 128936 --- [msavaliadorcredito] [restartedMain] o.apache.catalina.core.StandardService   : Starting service [Tomcat]
2024-10-25T16:08:01.792-03:00  INFO 128936 --- [msavaliadorcredito] [restartedMain] o.apache.catalina.core.StandardEngine    : Starting Servlet engine: [Apache Tomcat/10.1.30]
2024-10-25T16:08:01.870-03:00  INFO 128936 --- [msavaliadorcredito] [restartedMain] o.a.c.c.C.[Tomcat].[localhost].[/]       : Initializing Spring embedded WebApplicationContext
2024-10-25T16:08:01.871-03:00  INFO 128936 --- [msavaliadorcredito] [restartedMain] w.s.c.ServletWebServerApplicationContext : Root WebApplicationContext: initialization completed in 2967 ms
2024-10-25T16:08:02.617-03:00  INFO 128936 --- [msavaliadorcredito] [restartedMain] o.s.b.d.a.OptionalLiveReloadServer       : LiveReload server is running on port 35729
2024-10-25T16:08:02.701-03:00  INFO 128936 --- [msavaliadorcredito] [restartedMain] o.s.c.openfeign.FeignClientFactoryBean   : For 'msclientes' URL not provided. Will try picking an instance via load-balancing.
2024-10-25T16:08:02.823-03:00  INFO 128936 --- [msavaliadorcredito] [restartedMain] o.s.c.openfeign.FeignClientFactoryBean   : For 'mscartoes' URL not provided. Will try picking an instance via load-balancing.
2024-10-25T16:08:04.409-03:00  INFO 128936 --- [msavaliadorcredito] [restartedMain] DiscoveryClientOptionalArgsConfiguration : Eureka HTTP Client uses RestTemplate.
2024-10-25T16:08:04.448-03:00  WARN 128936 --- [msavaliadorcredito] [restartedMain] iguration$LoadBalancerCaffeineWarnLogger : Spring Cloud LoadBalancer is currently working with the default cache. While this cache implementation is useful for development and tests, it's recommended to use Caffeine cache in production.You can switch to using Caffeine cache, by adding it and org.springframework.cache.caffeine.CaffeineCacheManager to the classpath.
2024-10-25T16:08:04.467-03:00  INFO 128936 --- [msavaliadorcredito] [restartedMain] o.s.b.a.e.web.EndpointLinksResolver      : Exposing 18 endpoints beneath base path '/actuator'
2024-10-25T16:08:04.573-03:00  INFO 128936 --- [msavaliadorcredito] [restartedMain] o.s.b.w.embedded.tomcat.TomcatWebServer  : Tomcat started on port 54906 (http) with context path '/'
2024-10-25T16:08:04.575-03:00  INFO 128936 --- [msavaliadorcredito] [restartedMain] .s.c.n.e.s.EurekaAutoServiceRegistration : Updating port to 54906
2024-10-25T16:08:04.581-03:00  INFO 128936 --- [msavaliadorcredito] [restartedMain] o.s.c.n.eureka.InstanceInfoFactory       : Setting initial instance status as: STARTING
2024-10-25T16:08:04.609-03:00  INFO 128936 --- [msavaliadorcredito] [restartedMain] com.netflix.discovery.DiscoveryClient    : Initializing Eureka in region us-east-1
2024-10-25T16:08:04.615-03:00  INFO 128936 --- [msavaliadorcredito] [restartedMain] c.n.d.s.r.aws.ConfigClusterResolver      : Resolving eureka endpoints via configuration
2024-10-25T16:08:04.624-03:00  INFO 128936 --- [msavaliadorcredito] [restartedMain] com.netflix.discovery.DiscoveryClient    : Disable delta property : false
2024-10-25T16:08:04.625-03:00  INFO 128936 --- [msavaliadorcredito] [restartedMain] com.netflix.discovery.DiscoveryClient    : Single vip registry refresh property : null
2024-10-25T16:08:04.625-03:00  INFO 128936 --- [msavaliadorcredito] [restartedMain] com.netflix.discovery.DiscoveryClient    : Force full registry fetch : false
2024-10-25T16:08:04.625-03:00  INFO 128936 --- [msavaliadorcredito] [restartedMain] com.netflix.discovery.DiscoveryClient    : Application is null : false
2024-10-25T16:08:04.625-03:00  INFO 128936 --- [msavaliadorcredito] [restartedMain] com.netflix.discovery.DiscoveryClient    : Registered Applications size is zero : true
2024-10-25T16:08:04.625-03:00  INFO 128936 --- [msavaliadorcredito] [restartedMain] com.netflix.discovery.DiscoveryClient    : Application version is -1: true
2024-10-25T16:08:04.625-03:00  INFO 128936 --- [msavaliadorcredito] [restartedMain] com.netflix.discovery.DiscoveryClient    : Getting all instance registry info from the eureka server
2024-10-25T16:08:05.080-03:00  INFO 128936 --- [msavaliadorcredito] [restartedMain] com.netflix.discovery.DiscoveryClient    : The response status is 200
2024-10-25T16:08:05.083-03:00  INFO 128936 --- [msavaliadorcredito] [restartedMain] com.netflix.discovery.DiscoveryClient    : Starting heartbeat executor: renew interval is: 30
2024-10-25T16:08:05.085-03:00  INFO 128936 --- [msavaliadorcredito] [restartedMain] c.n.discovery.InstanceInfoReplicator     : InstanceInfoReplicator onDemand update allowed rate per min is 4
2024-10-25T16:08:05.087-03:00  INFO 128936 --- [msavaliadorcredito] [restartedMain] com.netflix.discovery.DiscoveryClient    : Discovery Client initialized at timestamp 1729883285086 with initial instances count: 1
2024-10-25T16:08:05.090-03:00  INFO 128936 --- [msavaliadorcredito] [restartedMain] o.s.c.n.e.s.EurekaServiceRegistry        : Registering application MSAVALIADORCREDITO with eureka with status UP
2024-10-25T16:08:05.091-03:00  INFO 128936 --- [msavaliadorcredito] [restartedMain] com.netflix.discovery.DiscoveryClient    : Saw local status change event StatusChangeEvent [timestamp=1729883285091, current=UP, previous=STARTING]
2024-10-25T16:08:05.093-03:00  INFO 128936 --- [msavaliadorcredito] [DiscoveryClient-InstanceInfoReplicator-%d] com.netflix.discovery.DiscoveryClient    : DiscoveryClient_MSAVALIADORCREDITO/msavaliadorcredito:87fdcf0e9f4d9f7c91330c4c7b94fa5e: registering service...
2024-10-25T16:08:05.117-03:00  INFO 128936 --- [msavaliadorcredito] [restartedMain] i.g.j.m.MsavaliadorcreditoApplication    : Started MsavaliadorcreditoApplication in 6.994 seconds (process running for 7.713)
2024-10-25T16:08:05.209-03:00  INFO 128936 --- [msavaliadorcredito] [DiscoveryClient-InstanceInfoReplicator-%d] com.netflix.discovery.DiscoveryClient    : DiscoveryClient_MSAVALIADORCREDITO/msavaliadorcredito:87fdcf0e9f4d9f7c91330c4c7b94fa5e - registration status: 204
2024-10-25T16:08:47.631-03:00  INFO 128936 --- [msavaliadorcredito] [http-nio-auto-1-exec-1] o.a.c.c.C.[Tomcat].[localhost].[/]       : Initializing Spring DispatcherServlet 'dispatcherServlet'
2024-10-25T16:08:47.631-03:00  INFO 128936 --- [msavaliadorcredito] [http-nio-auto-1-exec-1] o.s.web.servlet.DispatcherServlet        : Initializing Servlet 'dispatcherServlet'
2024-10-25T16:08:47.632-03:00  INFO 128936 --- [msavaliadorcredito] [http-nio-auto-1-exec-1] o.s.web.servlet.DispatcherServlet        : Completed initialization in 1 ms
2024-10-25T16:09:12.478-03:00  INFO 128936 --- [msavaliadorcredito] [http-nio-auto-1-exec-3] o.springdoc.api.AbstractOpenApiResource  : Init duration for springdoc-openapi is: 171 ms
